2022-10-12 14:59:09,480 [INFO  ] StartupInfoLogger.logStarting(StartupInfoLogger.java:50) – Starting WebappApplication on LAPTOP-4F4RMRQ8 with PID 15732 (D:\Work\Server\K-HA\target\classes started by USER in D:\Work\Server\K-HA)
2022-10-12 14:59:09,508 [DEBUG ] StartupInfoLogger.logStarting(StartupInfoLogger.java:53) – Running with Spring Boot v2.1.0.RELEASE, Spring v5.1.2.RELEASE
2022-10-12 14:59:09,511 [INFO  ] SpringApplication.logStartupProfileInfo(SpringApplication.java:679) – The following profiles are active: dev
2022-10-12 14:59:09,587 [INFO  ] DeferredLog.logTo(DeferredLog.java:227) – Devtools property defaults active! Set 'spring.devtools.add-properties' to 'false' to disable
2022-10-12 14:59:09,588 [INFO  ] DeferredLog.logTo(DeferredLog.java:227) – For additional web related logging consider setting the 'logging.level.web' property to 'DEBUG'
2022-10-12 14:59:13,199 [INFO  ] RepositoryConfigurationDelegate.multipleStoresDetected(RepositoryConfigurationDelegate.java:244) – Multiple Spring Data modules found, entering strict repository configuration mode!
2022-10-12 14:59:13,204 [INFO  ] RepositoryConfigurationDelegate.registerRepositoriesIn(RepositoryConfigurationDelegate.java:126) – Bootstrapping Spring Data repositories in DEFAULT mode.
2022-10-12 14:59:13,495 [INFO  ] RepositoryConfigurationDelegate.registerRepositoriesIn(RepositoryConfigurationDelegate.java:182) – Finished Spring Data repository scanning in 285ms. Found 26 repository interfaces.
2022-10-12 14:59:13,519 [INFO  ] RepositoryConfigurationDelegate.multipleStoresDetected(RepositoryConfigurationDelegate.java:244) – Multiple Spring Data modules found, entering strict repository configuration mode!
2022-10-12 14:59:13,524 [INFO  ] RepositoryConfigurationDelegate.registerRepositoriesIn(RepositoryConfigurationDelegate.java:126) – Bootstrapping Spring Data repositories in DEFAULT mode.
2022-10-12 14:59:13,558 [INFO  ] RepositoryConfigurationExtensionSupport.isStrictRepositoryCandidate(RepositoryConfigurationExtensionSupport.java:363) – Spring Data Redis - Could not safely identify store assignment for repository candidate interface com.zti.kha.controller.BannerRepository.
2022-10-12 14:59:13,559 [INFO  ] RepositoryConfigurationExtensionSupport.isStrictRepositoryCandidate(RepositoryConfigurationExtensionSupport.java:363) – Spring Data Redis - Could not safely identify store assignment for repository candidate interface com.zti.kha.controller.CategoryRepository.
2022-10-12 14:59:13,560 [INFO  ] RepositoryConfigurationExtensionSupport.isStrictRepositoryCandidate(RepositoryConfigurationExtensionSupport.java:363) – Spring Data Redis - Could not safely identify store assignment for repository candidate interface com.zti.kha.controller.CommentComplainRepository.
2022-10-12 14:59:13,562 [INFO  ] RepositoryConfigurationExtensionSupport.isStrictRepositoryCandidate(RepositoryConfigurationExtensionSupport.java:363) – Spring Data Redis - Could not safely identify store assignment for repository candidate interface com.zti.kha.controller.ComplainRepository.
2022-10-12 14:59:13,564 [INFO  ] RepositoryConfigurationExtensionSupport.isStrictRepositoryCandidate(RepositoryConfigurationExtensionSupport.java:363) – Spring Data Redis - Could not safely identify store assignment for repository candidate interface com.zti.kha.controller.ContactRepository.
2022-10-12 14:59:13,565 [INFO  ] RepositoryConfigurationExtensionSupport.isStrictRepositoryCandidate(RepositoryConfigurationExtensionSupport.java:363) – Spring Data Redis - Could not safely identify store assignment for repository candidate interface com.zti.kha.controller.DailyStatisticRepository.
2022-10-12 14:59:13,567 [INFO  ] RepositoryConfigurationExtensionSupport.isStrictRepositoryCandidate(RepositoryConfigurationExtensionSupport.java:363) – Spring Data Redis - Could not safely identify store assignment for repository candidate interface com.zti.kha.controller.DeleteNotificationRepository.
2022-10-12 14:59:13,569 [INFO  ] RepositoryConfigurationExtensionSupport.isStrictRepositoryCandidate(RepositoryConfigurationExtensionSupport.java:363) – Spring Data Redis - Could not safely identify store assignment for repository candidate interface com.zti.kha.controller.DistrictRepository.
2022-10-12 14:59:13,570 [INFO  ] RepositoryConfigurationExtensionSupport.isStrictRepositoryCandidate(RepositoryConfigurationExtensionSupport.java:363) – Spring Data Redis - Could not safely identify store assignment for repository candidate interface com.zti.kha.controller.EventRepository.
2022-10-12 14:59:13,576 [INFO  ] RepositoryConfigurationExtensionSupport.isStrictRepositoryCandidate(RepositoryConfigurationExtensionSupport.java:363) – Spring Data Redis - Could not safely identify store assignment for repository candidate interface com.zti.kha.controller.FileInfoRepository.
2022-10-12 14:59:13,578 [INFO  ] RepositoryConfigurationExtensionSupport.isStrictRepositoryCandidate(RepositoryConfigurationExtensionSupport.java:363) – Spring Data Redis - Could not safely identify store assignment for repository candidate interface com.zti.kha.controller.GroupRepository.
2022-10-12 14:59:13,579 [INFO  ] RepositoryConfigurationExtensionSupport.isStrictRepositoryCandidate(RepositoryConfigurationExtensionSupport.java:363) – Spring Data Redis - Could not safely identify store assignment for repository candidate interface com.zti.kha.controller.InstallStatisticRepository.
2022-10-12 14:59:13,580 [INFO  ] RepositoryConfigurationExtensionSupport.isStrictRepositoryCandidate(RepositoryConfigurationExtensionSupport.java:363) – Spring Data Redis - Could not safely identify store assignment for repository candidate interface com.zti.kha.controller.KnowledgeRepository.
2022-10-12 14:59:13,581 [INFO  ] RepositoryConfigurationExtensionSupport.isStrictRepositoryCandidate(RepositoryConfigurationExtensionSupport.java:363) – Spring Data Redis - Could not safely identify store assignment for repository candidate interface com.zti.kha.controller.LogDeleteAccountRepository.
2022-10-12 14:59:13,583 [INFO  ] RepositoryConfigurationExtensionSupport.isStrictRepositoryCandidate(RepositoryConfigurationExtensionSupport.java:363) – Spring Data Redis - Could not safely identify store assignment for repository candidate interface com.zti.kha.controller.LogLoginRepository.
2022-10-12 14:59:13,584 [INFO  ] RepositoryConfigurationExtensionSupport.isStrictRepositoryCandidate(RepositoryConfigurationExtensionSupport.java:363) – Spring Data Redis - Could not safely identify store assignment for repository candidate interface com.zti.kha.controller.MainPopUpRepository.
2022-10-12 14:59:13,586 [INFO  ] RepositoryConfigurationExtensionSupport.isStrictRepositoryCandidate(RepositoryConfigurationExtensionSupport.java:363) – Spring Data Redis - Could not safely identify store assignment for repository candidate interface com.zti.kha.controller.NewsRepository.
2022-10-12 14:59:13,586 [INFO  ] RepositoryConfigurationExtensionSupport.isStrictRepositoryCandidate(RepositoryConfigurationExtensionSupport.java:363) – Spring Data Redis - Could not safely identify store assignment for repository candidate interface com.zti.kha.controller.NotificationsRepository.
2022-10-12 14:59:13,588 [INFO  ] RepositoryConfigurationExtensionSupport.isStrictRepositoryCandidate(RepositoryConfigurationExtensionSupport.java:363) – Spring Data Redis - Could not safely identify store assignment for repository candidate interface com.zti.kha.controller.ProfileRepository.
2022-10-12 14:59:13,589 [INFO  ] RepositoryConfigurationExtensionSupport.isStrictRepositoryCandidate(RepositoryConfigurationExtensionSupport.java:363) – Spring Data Redis - Could not safely identify store assignment for repository candidate interface com.zti.kha.controller.ProvinceRepository.
2022-10-12 14:59:13,591 [INFO  ] RepositoryConfigurationExtensionSupport.isStrictRepositoryCandidate(RepositoryConfigurationExtensionSupport.java:363) – Spring Data Redis - Could not safely identify store assignment for repository candidate interface com.zti.kha.controller.RemarkDeleteRepository.
2022-10-12 14:59:13,592 [INFO  ] RepositoryConfigurationExtensionSupport.isStrictRepositoryCandidate(RepositoryConfigurationExtensionSupport.java:363) – Spring Data Redis - Could not safely identify store assignment for repository candidate interface com.zti.kha.controller.RudeWordRepository.
2022-10-12 14:59:13,593 [INFO  ] RepositoryConfigurationExtensionSupport.isStrictRepositoryCandidate(RepositoryConfigurationExtensionSupport.java:363) – Spring Data Redis - Could not safely identify store assignment for repository candidate interface com.zti.kha.controller.ServiceRepository.
2022-10-12 14:59:13,595 [INFO  ] RepositoryConfigurationExtensionSupport.isStrictRepositoryCandidate(RepositoryConfigurationExtensionSupport.java:363) – Spring Data Redis - Could not safely identify store assignment for repository candidate interface com.zti.kha.controller.SubDistrictRepository.
2022-10-12 14:59:13,596 [INFO  ] RepositoryConfigurationExtensionSupport.isStrictRepositoryCandidate(RepositoryConfigurationExtensionSupport.java:363) – Spring Data Redis - Could not safely identify store assignment for repository candidate interface com.zti.kha.controller.ViewStatisticRepository.
2022-10-12 14:59:13,597 [INFO  ] RepositoryConfigurationExtensionSupport.isStrictRepositoryCandidate(RepositoryConfigurationExtensionSupport.java:363) – Spring Data Redis - Could not safely identify store assignment for repository candidate interface com.zti.kha.controller.WebLinkRepository.
2022-10-12 14:59:13,598 [INFO  ] RepositoryConfigurationDelegate.registerRepositoriesIn(RepositoryConfigurationDelegate.java:182) – Finished Spring Data repository scanning in 58ms. Found 0 repository interfaces.
2022-10-12 14:59:14,379 [INFO  ] PostProcessorRegistrationDelegate$BeanPostProcessorChecker.postProcessAfterInitialization(PostProcessorRegistrationDelegate.java:330) – Bean 'org.springframework.kafka.annotation.KafkaBootstrapConfiguration' of type [org.springframework.kafka.annotation.KafkaBootstrapConfiguration$$EnhancerBySpringCGLIB$$79313b8d] is not eligible for getting processed by all BeanPostProcessors (for example: not eligible for auto-proxying)
2022-10-12 14:59:14,438 [INFO  ] PostProcessorRegistrationDelegate$BeanPostProcessorChecker.postProcessAfterInitialization(PostProcessorRegistrationDelegate.java:330) – Bean 'org.springframework.transaction.annotation.ProxyTransactionManagementConfiguration' of type [org.springframework.transaction.annotation.ProxyTransactionManagementConfiguration$$EnhancerBySpringCGLIB$$a57f2a0a] is not eligible for getting processed by all BeanPostProcessors (for example: not eligible for auto-proxying)
2022-10-12 14:59:15,571 [INFO  ] TomcatWebServer.initialize(TomcatWebServer.java:90) – Tomcat initialized with port(s): 8080 (http)
2022-10-12 14:59:15,606 [INFO  ] DirectJDKLog.log(DirectJDKLog.java:180) – Initializing ProtocolHandler ["http-nio-8080"]
2022-10-12 14:59:15,626 [INFO  ] DirectJDKLog.log(DirectJDKLog.java:180) – Starting service [Tomcat]
2022-10-12 14:59:15,628 [INFO  ] DirectJDKLog.log(DirectJDKLog.java:180) – Starting Servlet Engine: Apache Tomcat/8.5.34
2022-10-12 14:59:15,648 [INFO  ] DirectJDKLog.log(DirectJDKLog.java:180) – The APR based Apache Tomcat Native library which allows optimal performance in production environments was not found on the java.library.path: [C:\Program Files\Java\jdk1.8.0_131\bin;C:\WINDOWS\Sun\Java\bin;C:\WINDOWS\system32;C:\WINDOWS;C:\Program Files (x86)\Common Files\Oracle\Java\javapath;C:\Program Files (x86)\Intel\Intel(R) Management Engine Components\iCLS\;C:\Program Files\Intel\Intel(R) Management Engine Components\iCLS\;C:\Windows\system32;C:\Windows;C:\Windows\System32\Wbem;C:\Windows\System32\WindowsPowerShell\v1.0\;C:\Windows\System32\OpenSSH\;C:\Program Files (x86)\Intel\Intel(R) Management Engine Components\DAL;C:\Program Files\Intel\Intel(R) Management Engine Components\DAL;C:\Program Files (x86)\Intel\Intel(R) Management Engine Components\IPT;C:\Program Files\Intel\Intel(R) Management Engine Components\IPT;C:\Program Files (x86)\NVIDIA Corporation\PhysX\Common;C:\Program Files\Intel\WiFi\bin\;C:\Program Files\Common Files\Intel\WirelessCommon\;C:\Program Files\Git\cmd;C:\Program Files\Java\jdk1.8.0_131\bin;;C:\WINDOWS\system32;C:\WINDOWS;C:\WINDOWS\System32\Wbem;C:\WINDOWS\System32\WindowsPowerShell\v1.0\;C:\WINDOWS\System32\OpenSSH\;C:\Program Files (x86)\Microsoft SQL Server\150\DTS\Binn\;C:\Program Files\NVIDIA Corporation\NVIDIA NvDLISR;C:\WINDOWS\system32;C:\WINDOWS;C:\WINDOWS\System32\Wbem;C:\WINDOWS\System32\WindowsPowerShell\v1.0\;C:\WINDOWS\System32\OpenSSH\;C:\Users\USER\AppData\Local\Microsoft\WindowsApps;;.]
2022-10-12 14:59:16,470 [INFO  ] DirectJDKLog.log(DirectJDKLog.java:180) – At least one JAR was scanned for TLDs yet contained no TLDs. Enable debug logging for this logger for a complete list of JARs that were scanned but no TLDs were found in them. Skipping unneeded JARs during scanning can improve startup time and JSP compilation time.
2022-10-12 14:59:16,482 [INFO  ] DirectJDKLog.log(DirectJDKLog.java:180) – Initializing Spring embedded WebApplicationContext
2022-10-12 14:59:16,484 [INFO  ] ServletWebServerApplicationContext.prepareWebApplicationContext(ServletWebServerApplicationContext.java:285) – Root WebApplicationContext: initialization completed in 6894 ms
2022-10-12 14:59:20,642 [INFO  ] SLF4JLogger.info(SLF4JLogger.java:71) – Cluster created with settings {hosts=[db.ztidev.com:27017], mode=MULTIPLE, requiredClusterType=UNKNOWN, serverSelectionTimeout='30000 ms', maxWaitQueueSize=500}
2022-10-12 14:59:20,644 [INFO  ] SLF4JLogger.info(SLF4JLogger.java:71) – Adding discovered server db.ztidev.com:27017 to client view of cluster
2022-10-12 14:59:21,002 [INFO  ] SLF4JLogger.info(SLF4JLogger.java:71) – Opened connection [connectionId{localValue:1, serverValue:40239}] to db.ztidev.com:27017
2022-10-12 14:59:21,055 [INFO  ] SLF4JLogger.info(SLF4JLogger.java:71) – Monitor thread successfully connected to server with description ServerDescription{address=db.ztidev.com:27017, type=STANDALONE, state=CONNECTED, ok=true, version=ServerVersion{versionList=[4, 0, 9]}, minWireVersion=0, maxWireVersion=7, maxDocumentSize=16777216, logicalSessionTimeoutMinutes=30, roundTripTimeNanos=48418900}
2022-10-12 14:59:21,058 [INFO  ] SLF4JLogger.info(SLF4JLogger.java:71) – Discovered cluster type of STANDALONE
2022-10-12 14:59:21,243 [INFO  ] AbstractFilterRegistrationBean.configure(AbstractFilterRegistrationBean.java:248) – Mapping filter: 'characterEncodingFilter' to: [/*]
2022-10-12 14:59:21,245 [INFO  ] AbstractFilterRegistrationBean.configure(AbstractFilterRegistrationBean.java:248) – Mapping filter: 'webMvcMetricsFilter' to: [/*]
2022-10-12 14:59:21,246 [INFO  ] AbstractFilterRegistrationBean.configure(AbstractFilterRegistrationBean.java:248) – Mapping filter: 'hiddenHttpMethodFilter' to: [/*]
2022-10-12 14:59:21,246 [INFO  ] AbstractFilterRegistrationBean.configure(AbstractFilterRegistrationBean.java:248) – Mapping filter: 'formContentFilter' to: [/*]
2022-10-12 14:59:21,247 [INFO  ] AbstractFilterRegistrationBean.configure(AbstractFilterRegistrationBean.java:248) – Mapping filter: 'requestContextFilter' to: [/*]
2022-10-12 14:59:21,248 [INFO  ] AbstractFilterRegistrationBean.configure(AbstractFilterRegistrationBean.java:248) – Mapping filter: 'sessionFilter' to: [/*]
2022-10-12 14:59:21,248 [INFO  ] AbstractFilterRegistrationBean.configure(AbstractFilterRegistrationBean.java:248) – Mapping filter: 'httpTraceFilter' to: [/*]
2022-10-12 14:59:21,249 [INFO  ] ServletRegistrationBean.addRegistration(ServletRegistrationBean.java:186) – Servlet dispatcherServlet mapped to [/]
2022-10-12 14:59:21,484 [INFO  ] OptionalLiveReloadServer.startServer(OptionalLiveReloadServer.java:57) – LiveReload server is running on port 35729
2022-10-12 14:59:22,911 [INFO  ] EndpointLinksResolver.<init>(EndpointLinksResolver.java:59) – Exposing 17 endpoint(s) beneath base path '/actuator'
2022-10-12 14:59:23,070 [INFO  ] PropertySourcedRequestMappingHandlerMapping.initHandlerMethods(PropertySourcedRequestMappingHandlerMapping.java:69) – Mapped URL path [/v2/api-docs] onto method [public org.springframework.http.ResponseEntity<springfox.documentation.spring.web.json.Json> springfox.documentation.swagger2.web.Swagger2Controller.getDocumentation(java.lang.String,javax.servlet.http.HttpServletRequest)]
2022-10-12 14:59:23,182 [INFO  ] TilesAccess.setContainer(TilesAccess.java:93) – Publishing TilesContext for context: org.springframework.web.servlet.view.tiles3.SpringWildcardServletTilesApplicationContext
2022-10-12 14:59:23,558 [INFO  ] ExecutorConfigurationSupport.initialize(ExecutorConfigurationSupport.java:171) – Initializing ExecutorService 'applicationTaskExecutor'
2022-10-12 14:59:24,606 [INFO  ] DocumentationPluginsBootstrapper.start(DocumentationPluginsBootstrapper.java:151) – Context refreshed
2022-10-12 14:59:24,675 [INFO  ] DocumentationPluginsBootstrapper.start(DocumentationPluginsBootstrapper.java:154) – Found 1 custom documentation plugin(s)
2022-10-12 14:59:24,814 [INFO  ] ApiListingReferenceScanner.scan(ApiListingReferenceScanner.java:41) – Scanning for api listing references
2022-10-12 14:59:26,096 [INFO  ] CachingOperationNameGenerator.startingWith(CachingOperationNameGenerator.java:40) – Generating unique operation named: deleteGroupUsingPOST_1
2022-10-12 14:59:26,128 [INFO  ] CachingOperationNameGenerator.startingWith(CachingOperationNameGenerator.java:40) – Generating unique operation named: handleUsingGET_1
2022-10-12 14:59:26,130 [INFO  ] CachingOperationNameGenerator.startingWith(CachingOperationNameGenerator.java:40) – Generating unique operation named: handleUsingGET_2
2022-10-12 14:59:26,133 [INFO  ] CachingOperationNameGenerator.startingWith(CachingOperationNameGenerator.java:40) – Generating unique operation named: handleUsingGET_3
2022-10-12 14:59:26,135 [INFO  ] CachingOperationNameGenerator.startingWith(CachingOperationNameGenerator.java:40) – Generating unique operation named: handleUsingDELETE_1
2022-10-12 14:59:26,138 [INFO  ] CachingOperationNameGenerator.startingWith(CachingOperationNameGenerator.java:40) – Generating unique operation named: handleUsingGET_4
2022-10-12 14:59:26,140 [INFO  ] CachingOperationNameGenerator.startingWith(CachingOperationNameGenerator.java:40) – Generating unique operation named: handleUsingGET_5
2022-10-12 14:59:26,142 [INFO  ] CachingOperationNameGenerator.startingWith(CachingOperationNameGenerator.java:40) – Generating unique operation named: handleUsingGET_6
2022-10-12 14:59:26,144 [INFO  ] CachingOperationNameGenerator.startingWith(CachingOperationNameGenerator.java:40) – Generating unique operation named: handleUsingGET_7
2022-10-12 14:59:26,147 [INFO  ] CachingOperationNameGenerator.startingWith(CachingOperationNameGenerator.java:40) – Generating unique operation named: handleUsingGET_8
2022-10-12 14:59:26,149 [INFO  ] CachingOperationNameGenerator.startingWith(CachingOperationNameGenerator.java:40) – Generating unique operation named: handleUsingGET_9
2022-10-12 14:59:26,151 [INFO  ] CachingOperationNameGenerator.startingWith(CachingOperationNameGenerator.java:40) – Generating unique operation named: handleUsingGET_10
2022-10-12 14:59:26,154 [INFO  ] CachingOperationNameGenerator.startingWith(CachingOperationNameGenerator.java:40) – Generating unique operation named: handleUsingGET_11
2022-10-12 14:59:26,156 [INFO  ] CachingOperationNameGenerator.startingWith(CachingOperationNameGenerator.java:40) – Generating unique operation named: handleUsingGET_12
2022-10-12 14:59:26,164 [INFO  ] CachingOperationNameGenerator.startingWith(CachingOperationNameGenerator.java:40) – Generating unique operation named: handleUsingGET_13
2022-10-12 14:59:26,168 [INFO  ] CachingOperationNameGenerator.startingWith(CachingOperationNameGenerator.java:40) – Generating unique operation named: handleUsingGET_14
2022-10-12 14:59:26,172 [INFO  ] CachingOperationNameGenerator.startingWith(CachingOperationNameGenerator.java:40) – Generating unique operation named: handleUsingGET_15
2022-10-12 14:59:26,175 [INFO  ] CachingOperationNameGenerator.startingWith(CachingOperationNameGenerator.java:40) – Generating unique operation named: handleUsingGET_16
2022-10-12 14:59:26,178 [INFO  ] CachingOperationNameGenerator.startingWith(CachingOperationNameGenerator.java:40) – Generating unique operation named: handleUsingGET_17
2022-10-12 14:59:26,181 [INFO  ] CachingOperationNameGenerator.startingWith(CachingOperationNameGenerator.java:40) – Generating unique operation named: handleUsingGET_18
2022-10-12 14:59:26,184 [INFO  ] CachingOperationNameGenerator.startingWith(CachingOperationNameGenerator.java:40) – Generating unique operation named: handleUsingGET_19
2022-10-12 14:59:26,186 [INFO  ] CachingOperationNameGenerator.startingWith(CachingOperationNameGenerator.java:40) – Generating unique operation named: handleUsingGET_20
2022-10-12 14:59:26,189 [INFO  ] CachingOperationNameGenerator.startingWith(CachingOperationNameGenerator.java:40) – Generating unique operation named: handleUsingPOST_1
2022-10-12 14:59:26,191 [INFO  ] CachingOperationNameGenerator.startingWith(CachingOperationNameGenerator.java:40) – Generating unique operation named: handleUsingGET_21
2022-10-12 14:59:26,301 [INFO  ] CachingOperationNameGenerator.startingWith(CachingOperationNameGenerator.java:40) – Generating unique operation named: editPasswordUsingPOST_1
2022-10-12 14:59:26,436 [INFO  ] DirectJDKLog.log(DirectJDKLog.java:180) – Starting ProtocolHandler ["http-nio-8080"]
2022-10-12 14:59:26,460 [INFO  ] DirectJDKLog.log(DirectJDKLog.java:180) – Using a shared selector for servlet write/read
2022-10-12 14:59:26,492 [INFO  ] TomcatWebServer.start(TomcatWebServer.java:204) – Tomcat started on port(s): 8080 (http) with context path '/myKHA'
2022-10-12 14:59:26,496 [INFO  ] StartupInfoLogger.logStarted(StartupInfoLogger.java:59) – Started WebappApplication in 22.257 seconds (JVM running for 28.037)
2022-10-12 14:59:28,756 [INFO  ] DirectJDKLog.log(DirectJDKLog.java:180) – Initializing Spring DispatcherServlet 'dispatcherServlet'
2022-10-12 14:59:28,758 [INFO  ] FrameworkServlet.initServletBean(FrameworkServlet.java:521) – Initializing Servlet 'dispatcherServlet'
2022-10-12 14:59:28,774 [INFO  ] FrameworkServlet.initServletBean(FrameworkServlet.java:543) – Completed initialization in 15 ms
2022-10-12 14:59:29,271 [INFO  ] SLF4JLogger.info(SLF4JLogger.java:71) – Opened connection [connectionId{localValue:2, serverValue:40240}] to db.ztidev.com:27017
2022-10-12 14:59:29,561 [INFO  ] Slf4JLogger.info(Slf4JLogger.java:101) – Starting without optional epoll library
2022-10-12 14:59:29,567 [INFO  ] Slf4JLogger.info(Slf4JLogger.java:101) – Starting without optional kqueue library
